Baseline-lr:1e-3-NIPE:4250-Epoch:20-Batch:120
inference time: 0.06724703[s/image]
ESPCN: 21.51228587071323
NEAREST: 25.760064288057237
BILINEAR: 26.42903548566639
BICUBIC: 27.073842907703565
-------------------------------
Baseline-lr:1e-3-NIPE:4250-Epoch:60-Batch:120
inference time: 0.06617023[s/image]
ESPCN: 23.509324394249543
NEAREST: 25.760064288057237
BILINEAR: 26.42903548566639
BICUBIC: 27.073842907703565
-------------------------------
Baseline-lr:1e-3-NIPE:4250-Epoch:100-Batch:120
inference time: 0.058945689999999995[s/image]
ESPCN: 23.705422658908663
NEAREST: 25.760064288057237
BILINEAR: 26.42903548566639
BICUBIC: 27.073842907703565
-------------------------------
Baseline-lr:1e-3-NIPE:8500-Epoch:20-Batch:120
inference time: 0.07393377[s/image]
ESPCN: 23.330497631229786
NEAREST: 25.760064288057237
BILINEAR: 26.42903548566639
BICUBIC: 27.073842907703565
-------------------------------
Baseline-lr:1e-3-NIPE:8500-Epoch:60-Batch:120
inference time: 0.07263278[s/image]
ESPCN: 24.735468769988838
NEAREST: 25.760064288057237
BILINEAR: 26.42903548566639
BICUBIC: 27.073842907703565
-------------------------------
Baseline-lr:1e-3-NIPE:8500-Epoch:100-Batch:120
inference time: 0.06651733[s/image]
ESPCN: 25.681415661114748
NEAREST: 25.760064288057237
BILINEAR: 26.42903548566639
BICUBIC: 27.073842907703565
-------------------------------
