Model2_result
Inference time: 0.3782 [s/image]
ESPCN: 21.03012162904403
NEAREST: 25.760064288057237
BILINEAR: 26.42903548566639
BICUBIC: 27.073842907703565
-------------------------------
Model3_result
Inference time: 0.5636 [s/image]
ESPCN: 5.741990867305182
NEAREST: 25.760064288057237
BILINEAR: 26.42903548566639
BICUBIC: 27.073842907703565
-------------------------------
Model4_result
Inference time: 0.7901 [s/image]
ESPCN: 28.519927096688317
NEAREST: 25.760064288057237
BILINEAR: 26.42903548566639
BICUBIC: 27.073842907703565
-------------------------------
Model5_result
Inference time: 0.5828 [s/image]
ESPCN: 27.061716277661215
NEAREST: 25.760064288057237
BILINEAR: 26.42903548566639
BICUBIC: 27.073842907703565
-------------------------------
Model6_result
